<?xml version="1.0" encoding="UTF-8"?>
<!-- Generated by org.testng.reporters.JUnitReportReporter -->
<testsuite skipped="0" hostname="LQA-SIRAJMUNIR" name="TestCases.SmokeTestCases" tests="3" failures="0" timestamp="2020-11-03T11:43:03 PKT" time="3.417" errors="0">
  <testcase name="openTheWebsite" time="1.109" classname="TestCases.SmokeTestCases"/>
  <system-out/>
  <testcase name="TestCase01" time="1.411" classname="TestCases.SmokeTestCases"/>
  <system-out/>
  <testcase name="TestCase2" time="0.897" classname="TestCases.SmokeTestCases"/>
  <system-out/>
</testsuite> <!-- TestCases.SmokeTestCases -->
